<?xml version="1.0" encoding="UTF-8"?>
<testsuite xmlns:xsi="http://www.w3.org/2001/XMLSchema-instance" xsi:noNamespaceSchemaLocation="https://maven.apache.org/surefire/maven-surefire-plugin/xsd/surefire-test-report-3.0.xsd" version="3.0" name="com.example.pumb_test_halaiko.contollersTests.AuthControllerTests" time="6.898" tests="7" errors="0" skipped="0" failures="0">
  <properties>
[...]
</properties>
  <testcase name="registerTest(String, String, Boolean)[1]" classname="com.example.pumb_test_halaiko.contollersTests.AuthControllerTests" time="0.965">
    <system-out><![CDATA[19:52:51.070 [main] INFO org.springframework.test.context.support.AnnotationConfigContextLoaderUtils -- Could not detect default configuration classes for test class [com.example.pumb_test_halaiko.contollersTests.AuthControllerTests]: AuthControllerTests does not declare any static, non-private, non-final, nested classes annotated with @Configuration.
19:52:51.190 [main] INFO org.springframework.boot.test.context.SpringBootTestContextBootstrapper -- Found @SpringBootConfiguration com.example.pumb_test_halaiko.PumbTestHalaikoApplication for test class com.example.pumb_test_halaiko.contollersTests.AuthControllerTests

  .   ____          _            __ _ _
 /\\ / ___'_ __ _ _(_)_ __  __ _ \ \ \ \
( ( )\___ | '_ | '_| | '_ \/ _` | \ \ \ \
 \\/  ___)| |_)| | | | | || (_| |  ) ) ) )
  '  |____| .__|_| |_|_| |_\__, | / / / /
 =========|_|==============|___/=/_/_/_/
 :: Spring Boot ::                (v3.2.5)

2024-04-27T19:52:51.656+03:00  INFO 3656 --- [pumb_test_Halaiko] [           main] c.e.p.c.AuthControllerTests              : Starting AuthControllerTests using Java 21.0.2 with PID 3656 (started by Vetal in C:\Users\Vetal\IdeaProjects\pumb_test_Halaiko)
2024-04-27T19:52:51.657+03:00  INFO 3656 --- [pumb_test_Halaiko] [           main] c.e.p.c.AuthControllerTests              : No active profile set, falling back to 1 default profile: "default"
2024-04-27T19:52:52.484+03:00  INFO 3656 --- [pumb_test_Halaiko] [           main] .s.d.r.c.RepositoryConfigurationDelegate : Multiple Spring Data modules found, entering strict repository configuration mode
2024-04-27T19:52:52.486+03:00  INFO 3656 --- [pumb_test_Halaiko] [           main] .s.d.r.c.RepositoryConfigurationDelegate : Bootstrapping Spring Data JDBC repositories in DEFAULT mode.
2024-04-27T19:52:52.520+03:00  INFO 3656 --- [pumb_test_Halaiko] [           main] .RepositoryConfigurationExtensionSupport : Spring Data JDBC - Could not safely identify store assignment for repository candidate interface com.example.pumb_test_halaiko.repository.AnimalRepository; If you want this repository to be a JDBC repository, consider annotating your entities with one of these annotations: org.springframework.data.relational.core.mapping.Table.
2024-04-27T19:52:52.522+03:00  INFO 3656 --- [pumb_test_Halaiko] [           main] .RepositoryConfigurationExtensionSupport : Spring Data JDBC - Could not safely identify store assignment for repository candidate interface com.example.pumb_test_halaiko.repository.CategoryRepository; If you want this repository to be a JDBC repository, consider annotating your entities with one of these annotations: org.springframework.data.relational.core.mapping.Table.
2024-04-27T19:52:52.524+03:00  INFO 3656 --- [pumb_test_Halaiko] [           main] .RepositoryConfigurationExtensionSupport : Spring Data JDBC - Could not safely identify store assignment for repository candidate interface com.example.pumb_test_halaiko.repository.TypeRepository; If you want this repository to be a JDBC repository, consider annotating your entities with one of these annotations: org.springframework.data.relational.core.mapping.Table.
2024-04-27T19:52:52.525+03:00  INFO 3656 --- [pumb_test_Halaiko] [           main] .RepositoryConfigurationExtensionSupport : Spring Data JDBC - Could not safely identify store assignment for repository candidate interface com.example.pumb_test_halaiko.repository.UserRepository; If you want this repository to be a JDBC repository, consider annotating your entities with one of these annotations: org.springframework.data.relational.core.mapping.Table.
2024-04-27T19:52:52.526+03:00  INFO 3656 --- [pumb_test_Halaiko] [           main] .s.d.r.c.RepositoryConfigurationDelegate : Finished Spring Data repository scanning in 35 ms. Found 0 JDBC repository interfaces.
2024-04-27T19:52:52.537+03:00  INFO 3656 --- [pumb_test_Halaiko] [           main] .s.d.r.c.RepositoryConfigurationDelegate : Multiple Spring Data modules found, entering strict repository configuration mode
2024-04-27T19:52:52.538+03:00  INFO 3656 --- [pumb_test_Halaiko] [           main] .s.d.r.c.RepositoryConfigurationDelegate : Bootstrapping Spring Data JPA repositories in DEFAULT mode.
2024-04-27T19:52:52.595+03:00  INFO 3656 --- [pumb_test_Halaiko] [           main] .s.d.r.c.RepositoryConfigurationDelegate : Finished Spring Data repository scanning in 51 ms. Found 4 JPA repository interfaces.
2024-04-27T19:52:53.079+03:00  INFO 3656 --- [pumb_test_Halaiko] [           main] com.zaxxer.hikari.HikariDataSource       : animals - Starting...
2024-04-27T19:52:53.318+03:00  INFO 3656 --- [pumb_test_Halaiko] [           main] com.zaxxer.hikari.pool.HikariPool        : animals - Added connection conn0: url=jdbc:h2:file:./db user=VETAL
2024-04-27T19:52:53.320+03:00  INFO 3656 --- [pumb_test_Halaiko] [           main] com.zaxxer.hikari.HikariDataSource       : animals - Start completed.
2024-04-27T19:52:53.447+03:00  INFO 3656 --- [pumb_test_Halaiko] [           main] o.hibernate.jpa.internal.util.LogHelper  : HHH000204: Processing PersistenceUnitInfo [name: default]
2024-04-27T19:52:53.523+03:00  INFO 3656 --- [pumb_test_Halaiko] [           main] org.hibernate.Version                    : HHH000412: Hibernate ORM core version 6.4.4.Final
2024-04-27T19:52:53.566+03:00  INFO 3656 --- [pumb_test_Halaiko] [           main] o.h.c.internal.RegionFactoryInitiator    : HHH000026: Second-level cache disabled
2024-04-27T19:52:53.862+03:00  INFO 3656 --- [pumb_test_Halaiko] [           main] o.s.o.j.p.SpringPersistenceUnitInfo      : No LoadTimeWeaver setup: ignoring JPA class transformer
2024-04-27T19:52:54.857+03:00  INFO 3656 --- [pumb_test_Halaiko] [           main] o.h.e.t.j.p.i.JtaPlatformInitiator       : HHH000489: No JTA platform available (set 'hibernate.transaction.jta.platform' to enable JTA platform integration)
2024-04-27T19:52:54.892+03:00  INFO 3656 --- [pumb_test_Halaiko] [           main] j.LocalContainerEntityManagerFactoryBean : Initialized JPA EntityManagerFactory for persistence unit 'default'
2024-04-27T19:52:55.331+03:00  INFO 3656 --- [pumb_test_Halaiko] [           main] o.s.d.j.r.query.QueryEnhancerFactory     : JSqlParser is in classpath; If applicable, JSqlParser will be used
2024-04-27T19:52:55.331+03:00  INFO 3656 --- [pumb_test_Halaiko] [           main] o.s.d.j.r.query.QueryEnhancerFactory     : Hibernate is in classpath; If applicable, HQL parser will be used.
2024-04-27T19:52:55.473+03:00  WARN 3656 --- [pumb_test_Halaiko] [           main] JpaBaseConfiguration$JpaWebConfiguration : spring.jpa.open-in-view is enabled by default. Therefore, database queries may be performed during view rendering. Explicitly configure spring.jpa.open-in-view to disable this warning
2024-04-27T19:52:55.574+03:00  INFO 3656 --- [pumb_test_Halaiko] [           main] o.s.b.a.w.s.WelcomePageHandlerMapping    : Adding welcome page template: index
2024-04-27T19:52:55.804+03:00  INFO 3656 --- [pumb_test_Halaiko] [           main] o.s.s.web.DefaultSecurityFilterChain     : Will secure any request with [org.springframework.security.web.session.DisableEncodeUrlFilter@77430c79, org.springframework.security.web.context.request.async.WebAsyncManagerIntegrationFilter@506654fa, org.springframework.security.web.context.SecurityContextHolderFilter@1e86b2d1, org.springframework.security.web.header.HeaderWriterFilter@4db10b9f, org.springframework.web.filter.CorsFilter@4468ced2, org.springframework.security.web.authentication.logout.LogoutFilter@75708130, com.example.pumb_test_halaiko.config.JwtAuthenticationFilter@39acf187, org.springframework.security.web.authentication.UsernamePasswordAuthenticationFilter@4f4b7a2e, org.springframework.security.web.savedrequest.RequestCacheAwareFilter@4865434e, org.springframework.security.web.servletapi.SecurityContextHolderAwareRequestFilter@3c6e407, org.springframework.security.web.authentication.AnonymousAuthenticationFilter@21f421b8, org.springframework.security.web.session.SessionManagementFilter@443b9ebb, org.springframework.security.web.access.ExceptionTranslationFilter@28721794, org.springframework.security.web.access.intercept.AuthorizationFilter@1a67bcaf]
2024-04-27T19:52:56.180+03:00  INFO 3656 --- [pumb_test_Halaiko] [           main] o.s.b.a.h2.H2ConsoleAutoConfiguration    : H2 console available at '/h2-console'. Database available at 'jdbc:h2:file:./db'
2024-04-27T19:52:56.227+03:00  INFO 3656 --- [pumb_test_Halaiko] [           main] o.s.b.t.m.w.SpringBootMockServletContext : Initializing Spring TestDispatcherServlet ''
2024-04-27T19:52:56.227+03:00  INFO 3656 --- [pumb_test_Halaiko] [           main] o.s.t.web.servlet.TestDispatcherServlet  : Initializing Servlet ''
2024-04-27T19:52:56.228+03:00  INFO 3656 --- [pumb_test_Halaiko] [           main] o.s.t.web.servlet.TestDispatcherServlet  : Completed initialization in 1 ms
2024-04-27T19:52:56.259+03:00  INFO 3656 --- [pumb_test_Halaiko] [           main] c.e.p.c.AuthControllerTests              : Started AuthControllerTests in 4.857 seconds (process running for 6.053)
]]></system-out>
    <system-err><![CDATA[WARNING: A Java agent has been loaded dynamically (C:\Users\Vetal\.m2\repository\net\bytebuddy\byte-buddy-agent\1.14.13\byte-buddy-agent-1.14.13.jar)
WARNING: If a serviceability tool is in use, please run with -XX:+EnableDynamicAgentLoading to hide this warning
WARNING: If a serviceability tool is not in use, please run with -Djdk.instrument.traceUsage for more information
WARNING: Dynamic loading of agents will be disallowed by default in a future release
]]></system-err>
  </testcase>
  <testcase name="registerTest(String, String, Boolean)[2]" classname="com.example.pumb_test_halaiko.contollersTests.AuthControllerTests" time="0.014"/>
  <testcase name="registerTest(String, String, Boolean)[3]" classname="com.example.pumb_test_halaiko.contollersTests.AuthControllerTests" time="0.011"/>
  <testcase name="getLoginPageTest_shouldReturnViewWithSameTitle" classname="com.example.pumb_test_halaiko.contollersTests.AuthControllerTests" time="0.252">
    <system-out><![CDATA[
MockHttpServletRequest:
      HTTP Method = GET
      Request URI = /api/v1/auth
       Parameters = {}
          Headers = []
             Body = null
    Session Attrs = {}

Handler:
             Type = com.example.pumb_test_halaiko.contoller.AuthController
           Method = com.example.pumb_test_halaiko.contoller.AuthController#getLoginPage(Model)

Async:
    Async started = false
     Async result = null

Resolved Exception:
             Type = null

ModelAndView:
        View name = login
             View = null
            Model = null

FlashMap:
       Attributes = null

MockHttpServletResponse:
           Status = 200
    Error message = null
          Headers = [Vary:"Origin", "Access-Control-Request-Method", "Access-Control-Request-Headers", Content-Language:"en", Content-Type:"text/html;charset=UTF-8", X-Content-Type-Options:"nosniff", X-XSS-Protection:"0", Cache-Control:"no-cache, no-store, max-age=0, must-revalidate", Pragma:"no-cache", Expires:"0", X-Frame-Options:"SAMEORIGIN"]
     Content type = text/html;charset=UTF-8
             Body = <!DOCTYPE html>
<html lang="en">
<html>
<head>
    <meta charset="UTF-8">
    <title>Login page</title>

    <link rel="stylesheet" href="/css/style.css">
</head>
<body>

<button class="logout-btn" onclick="logout()">Log out</button>

<section>
    <div class="form-block">
        <p id="error-message" style="margin-top: 0; font-size: 20px; display: none;">Invalid username and password.</p>

        <form method="post" id="login_form">
            <h3 style="margin-top: 0">Login Here</h3>

            <label for="email">Email</label>
            <input type="text" placeholder="Email" id="email" name="email">

            <label for="password">Пароль</label>
            <input type="password" placeholder="Password" id="password" name="password">

            <br>

            <button onclick="submitLoginForm()" type="button" style="width: 60%">Log In</button>
        </form>
    </div>
</section>

<script src="/js/login.js"></script>

</body>
</html>

    Forwarded URL = null
   Redirected URL = null
          Cookies = []
]]></system-out>
  </testcase>
  <testcase name="authenticateTest(String, String, Boolean)[1]" classname="com.example.pumb_test_halaiko.contollersTests.AuthControllerTests" time="0.154"/>
  <testcase name="authenticateTest(String, String, Boolean)[2]" classname="com.example.pumb_test_halaiko.contollersTests.AuthControllerTests" time="0.068"/>
  <testcase name="authenticateTest(String, String, Boolean)[3]" classname="com.example.pumb_test_halaiko.contollersTests.AuthControllerTests" time="0.006"/>
</testsuite>